<?xml version="1.0" encoding="UTF-8"?>
<testsuite name="Login into the application" tests="1" skipped="0" failures="0" errors="0" timestamp="2021-06-13T23:36:32" hostname="DESKTOP-M95827O" time="6.604">
  <properties/>
  <testcase name="Succesful login" classname="Login into the application" time="6.604"/>
  <system-out><![CDATA[Feature: Login into the application

  Scenario: Succesful login                          ?[90m# src/test/resources/features/login/login.feature:3?[0m
18:36:32.477 [Test worker] INFO   - 
 _____ _____ ____ _____   ____ _____  _    ____ _____ _____ ____  
|_   _| ____/ ___|_   _| / ___|_   _|/ \  |  _ \_   _| ____|  _ \ 
  | | |  _| \___ \ | |   \___ \ | | / _ \ | |_) || | |  _| | | | |
  | | | |___ ___) || |    ___) || |/ ___ \|  _ < | | | |___| |_| |
  |_| |_____|____/ |_|   |____/ |_/_/   \_\_| \_\|_| |_____|____/ 

Succesful login(login-into-the-application;succesful-login)
-------------------------------------------------------------------
    ?[32mGiven ?[0m?[32m?[0m?[32m?[1mSergey?[0m?[32m has an active account?[0m               ?[90m# Login.sergey_has_an_active_account(String)?[0m
18:36:33.530 [Test worker] INFO  n.s.c.w.d.ProvideNewDriver - Instantiating driver
18:36:33.531 [Test worker] INFO  n.s.c.w.d.ProvideNewDriver - Driver capabilities: Capabilities {acceptInsecureCerts: false, browserName: chrome, chrome.switches: --start-maximized;--test-ty..., goog:chromeOptions: {args: [--start-maximized, --test-type, --no-sandbox, --ignore-certificate-errors..., --disable-popup-blocking, --disable-default-apps, --disable-extensions-file-a..., --incognito, --disable-infobars, --disable-gpu], extensions: []}, loggingPrefs: org.openqa.selenium.logging..., platform: ANY, version: }
    ?[32mWhen ?[0m?[32mhe sends their valid credentials?[0m            ?[90m# Login.he_sends_their_valid_credentials()?[0m
    ?[32mThen ?[0m?[32mhe should have access to manage his account?[0m ?[90m# Login.he_should_have_access_to_manage_his_account()?[0m
]]></system-out>
  <system-err><![CDATA[jun 13, 2021 6:36:33 PM org.openqa.selenium.remote.DesiredCapabilities chrome
INFORMACIÓN: Using `new ChromeOptions()` is preferred to `DesiredCapabilities.chrome()`
Starting ChromeDriver 91.0.4472.19 (1bf021f248676a0b2ab3ee0561d83a59e424c23e-refs/branch-heads/4472@{#288}) on port 11684
Only local connections are allowed.
Please see https://chromedriver.chromium.org/security-considerations for suggestions on keeping ChromeDriver safe.
ChromeDriver was started successfully.
jun 13, 2021 6:36:35 PM org.openqa.selenium.remote.ProtocolHandshake createSession
INFORMACIÓN: Detected dialect: W3C
]]></system-err>
</testsuite>
